<?xml version="1.0" encoding="utf-8"?><testsuites name="pytest tests"><testsuite name="pytest" errors="0" failures="0" skipped="0" tests="12" time="0.354" timestamp="2026-03-24T06:52:17.029378+00:00" hostname="agent-env-c68d57da-caee-4f45-8abf-3605a64b9cb9"><testcase classname="backend.tests.test_vault_api.TestHealthEndpoint" name="test_health_returns_200" time="0.009" /><testcase classname="backend.tests.test_vault_api.TestVaultConfigEndpoint" name="test_vault_config_returns_200" time="0.028" /><testcase classname="backend.tests.test_vault_api.TestVaultConfigEndpoint" name="test_vault_config_returns_empty_strings_when_not_configured" time="0.024" /><testcase classname="backend.tests.test_vault_api.TestVaultStatusEndpoint" name="test_vault_status_returns_200" time="0.024" /><testcase classname="backend.tests.test_vault_api.TestVaultStatusEndpoint" name="test_vault_status_shows_unconfigured" time="0.024" /><testcase classname="backend.tests.test_vault_api.TestVaultAuthEndpoint" name="test_vault_guests_without_auth_returns_401" time="0.025" /><testcase classname="backend.tests.test_vault_api.TestVaultAuthEndpoint" name="test_vault_guests_with_fake_auth_returns_401" time="0.025" /><testcase classname="backend.tests.test_vault_api.TestVaultAuthEndpoint" name="test_vault_guests_with_invalid_auth_format_returns_401" time="0.024" /><testcase classname="backend.tests.test_vault_api.TestBookingsEndpoint" name="test_get_bookings_returns_200" time="0.004" /><testcase classname="backend.tests.test_vault_api.TestBookingsEndpoint" name="test_bookings_have_required_fields" time="0.002" /><testcase classname="backend.tests.test_vault_api.TestVaultProxyEndpoints" name="test_vault_properties_without_auth_returns_401" time="0.033" /><testcase classname="backend.tests.test_vault_api.TestVaultProxyEndpoints" name="test_vault_retention_review_without_auth_returns_401" time="0.024" /></testsuite></testsuites>